{"__type":"$$EventMessageWorkflow","id":"ae84adae-9e45-4f02-8867-06b1960dddaa","ts":"2025-12-20T15:06:59.429-05:00","eventName":"n8n.workflow.started","message":"n8n.workflow.started","payload":{"executionId":"8","workflowId":"wrzLe4VLnbEb29k6","isManual":false,"workflowName":"sds_workflow"}}
{"__type":"$$EventMessageConfirm","confirm":"ae84adae-9e45-4f02-8867-06b1960dddaa","ts":"2025-12-20T15:06:59.475-05:00","source":{"id":"0","name":"eventBus"}}
{"__type":"$$EventMessageNode","id":"8ca72344-142e-4285-a32f-634ddb370546","ts":"2025-12-20T15:06:59.525-05:00","eventName":"n8n.node.started","message":"n8n.node.started","payload":{"workflowId":"wrzLe4VLnbEb29k6","workflowName":"sds_workflow","executionId":"8","nodeType":"n8n-nodes-base.webhook","nodeName":"Webhook","nodeId":"c13677e8-7891-46c9-948d-9ff5d45e53d0"}}
{"__type":"$$EventMessageConfirm","confirm":"8ca72344-142e-4285-a32f-634ddb370546","ts":"2025-12-20T15:06:59.525-05:00","source":{"id":"0","name":"eventBus"}}
{"__type":"$$EventMessageNode","id":"b9be8133-b425-48c5-bbe2-3416bb9171ca","ts":"2025-12-20T15:06:59.558-05:00","eventName":"n8n.node.finished","message":"n8n.node.finished","payload":{"workflowId":"wrzLe4VLnbEb29k6","workflowName":"sds_workflow","executionId":"8","nodeType":"n8n-nodes-base.webhook","nodeName":"Webhook","nodeId":"c13677e8-7891-46c9-948d-9ff5d45e53d0"}}
{"__type":"$$EventMessageConfirm","confirm":"b9be8133-b425-48c5-bbe2-3416bb9171ca","ts":"2025-12-20T15:06:59.558-05:00","source":{"id":"0","name":"eventBus"}}
{"__type":"$$EventMessageNode","id":"c76506b3-012f-4047-b71c-a5073f55e35b","ts":"2025-12-20T15:06:59.560-05:00","eventName":"n8n.node.started","message":"n8n.node.started","payload":{"workflowId":"wrzLe4VLnbEb29k6","workflowName":"sds_workflow","executionId":"8","nodeType":"n8n-nodes-base.httpRequest","nodeName":"HTTP Request","nodeId":"859ad28a-3e29-4e96-848b-afca432c5d02"}}
{"__type":"$$EventMessageConfirm","confirm":"c76506b3-012f-4047-b71c-a5073f55e35b","ts":"2025-12-20T15:06:59.560-05:00","source":{"id":"0","name":"eventBus"}}
{"__type":"$$EventMessageNode","id":"b875ea86-42f6-48d0-9ee4-75b44c5250f9","ts":"2025-12-20T15:07:01.364-05:00","eventName":"n8n.node.finished","message":"n8n.node.finished","payload":{"workflowId":"wrzLe4VLnbEb29k6","workflowName":"sds_workflow","executionId":"8","nodeType":"n8n-nodes-base.httpRequest","nodeName":"HTTP Request","nodeId":"859ad28a-3e29-4e96-848b-afca432c5d02"}}
{"__type":"$$EventMessageConfirm","confirm":"b875ea86-42f6-48d0-9ee4-75b44c5250f9","ts":"2025-12-20T15:07:01.365-05:00","source":{"id":"0","name":"eventBus"}}
{"__type":"$$EventMessageWorkflow","id":"dc672890-2a02-4e21-a7e6-44c1c50fb8bf","ts":"2025-12-20T15:07:01.387-05:00","eventName":"n8n.workflow.failed","message":"n8n.workflow.failed","payload":{"executionId":"8","success":false,"isManual":true,"workflowId":"wrzLe4VLnbEb29k6","workflowName":"sds_workflow","lastNodeExecuted":"HTTP Request","errorNodeType":"n8n-nodes-base.httpRequest","errorMessage":"The service refused the connection - perhaps it is offline"}}
{"__type":"$$EventMessageConfirm","confirm":"dc672890-2a02-4e21-a7e6-44c1c50fb8bf","ts":"2025-12-20T15:07:01.388-05:00","source":{"id":"0","name":"eventBus"}}
{"__type":"$$EventMessageWorkflow","id":"60bf454d-de95-469f-afda-fe8d9b352058","ts":"2025-12-20T15:48:50.416-05:00","eventName":"n8n.workflow.started","message":"n8n.workflow.started","payload":{"executionId":"9","workflowId":"wrzLe4VLnbEb29k6","isManual":false,"workflowName":"sds_workflow"}}
{"__type":"$$EventMessageConfirm","confirm":"60bf454d-de95-469f-afda-fe8d9b352058","ts":"2025-12-20T15:48:50.418-05:00","source":{"id":"0","name":"eventBus"}}
{"__type":"$$EventMessageNode","id":"62016d4a-2d99-4256-9272-8f0fbaeb8505","ts":"2025-12-20T15:48:50.421-05:00","eventName":"n8n.node.started","message":"n8n.node.started","payload":{"workflowId":"wrzLe4VLnbEb29k6","workflowName":"sds_workflow","executionId":"9","nodeType":"n8n-nodes-base.webhook","nodeName":"Webhook","nodeId":"c13677e8-7891-46c9-948d-9ff5d45e53d0"}}
{"__type":"$$EventMessageConfirm","confirm":"62016d4a-2d99-4256-9272-8f0fbaeb8505","ts":"2025-12-20T15:48:50.422-05:00","source":{"id":"0","name":"eventBus"}}
{"__type":"$$EventMessageNode","id":"921d8f3b-edc5-4d7d-a894-805aeb8102d7","ts":"2025-12-20T15:48:50.423-05:00","eventName":"n8n.node.finished","message":"n8n.node.finished","payload":{"workflowId":"wrzLe4VLnbEb29k6","workflowName":"sds_workflow","executionId":"9","nodeType":"n8n-nodes-base.webhook","nodeName":"Webhook","nodeId":"c13677e8-7891-46c9-948d-9ff5d45e53d0"}}
{"__type":"$$EventMessageConfirm","confirm":"921d8f3b-edc5-4d7d-a894-805aeb8102d7","ts":"2025-12-20T15:48:50.423-05:00","source":{"id":"0","name":"eventBus"}}
{"__type":"$$EventMessageNode","id":"470c694b-15a9-4c55-b1b4-079c726807e7","ts":"2025-12-20T15:48:50.424-05:00","eventName":"n8n.node.started","message":"n8n.node.started","payload":{"workflowId":"wrzLe4VLnbEb29k6","workflowName":"sds_workflow","executionId":"9","nodeType":"n8n-nodes-base.httpRequest","nodeName":"HTTP Request","nodeId":"859ad28a-3e29-4e96-848b-afca432c5d02"}}
{"__type":"$$EventMessageConfirm","confirm":"470c694b-15a9-4c55-b1b4-079c726807e7","ts":"2025-12-20T15:48:50.424-05:00","source":{"id":"0","name":"eventBus"}}
{"__type":"$$EventMessageNode","id":"7d5b803a-ec2a-4f7a-b4a4-e803cf7b58e7","ts":"2025-12-20T15:48:54.232-05:00","eventName":"n8n.node.finished","message":"n8n.node.finished","payload":{"workflowId":"wrzLe4VLnbEb29k6","workflowName":"sds_workflow","executionId":"9","nodeType":"n8n-nodes-base.httpRequest","nodeName":"HTTP Request","nodeId":"859ad28a-3e29-4e96-848b-afca432c5d02"}}
{"__type":"$$EventMessageConfirm","confirm":"7d5b803a-ec2a-4f7a-b4a4-e803cf7b58e7","ts":"2025-12-20T15:48:54.232-05:00","source":{"id":"0","name":"eventBus"}}
{"__type":"$$EventMessageNode","id":"5c12ade6-e09e-4355-a88d-240a6a2bacf9","ts":"2025-12-20T15:48:54.233-05:00","eventName":"n8n.node.started","message":"n8n.node.started","payload":{"workflowId":"wrzLe4VLnbEb29k6","workflowName":"sds_workflow","executionId":"9","nodeType":"n8n-nodes-base.respondToWebhook","nodeName":"Respond to Webhook","nodeId":"193b6328-96b2-418d-9d7f-78908a35767b"}}
{"__type":"$$EventMessageConfirm","confirm":"5c12ade6-e09e-4355-a88d-240a6a2bacf9","ts":"2025-12-20T15:48:54.233-05:00","source":{"id":"0","name":"eventBus"}}
{"__type":"$$EventMessageNode","id":"3485eaea-0413-47aa-a645-3e5697ab3a44","ts":"2025-12-20T15:48:54.274-05:00","eventName":"n8n.node.finished","message":"n8n.node.finished","payload":{"workflowId":"wrzLe4VLnbEb29k6","workflowName":"sds_workflow","executionId":"9","nodeType":"n8n-nodes-base.respondToWebhook","nodeName":"Respond to Webhook","nodeId":"193b6328-96b2-418d-9d7f-78908a35767b"}}
{"__type":"$$EventMessageConfirm","confirm":"3485eaea-0413-47aa-a645-3e5697ab3a44","ts":"2025-12-20T15:48:54.275-05:00","source":{"id":"0","name":"eventBus"}}
{"__type":"$$EventMessageWorkflow","id":"c68f89f0-6c04-4734-9f84-d67b0c50403a","ts":"2025-12-20T15:48:54.290-05:00","eventName":"n8n.workflow.success","message":"n8n.workflow.success","payload":{"executionId":"9","success":true,"isManual":true,"workflowId":"wrzLe4VLnbEb29k6","workflowName":"sds_workflow"}}
{"__type":"$$EventMessageConfirm","confirm":"c68f89f0-6c04-4734-9f84-d67b0c50403a","ts":"2025-12-20T15:48:54.290-05:00","source":{"id":"0","name":"eventBus"}}
{"__type":"$$EventMessageAudit","id":"859988a7-fc8a-451d-9995-56386b73ffdc","ts":"2025-12-20T15:58:29.432-05:00","eventName":"n8n.audit.workflow.updated","message":"n8n.audit.workflow.updated","payload":{"userId":"3acdc3d1-3853-48bb-ba29-419ed3f772ca","_email":"shayeri.nandy@elogixmail.com","_firstName":"shayeri","_lastName":"nandy","globalRole":"global:owner","workflowId":"wrzLe4VLnbEb29k6","workflowName":"sds_workflow"}}
{"__type":"$$EventMessageConfirm","confirm":"859988a7-fc8a-451d-9995-56386b73ffdc","ts":"2025-12-20T15:58:29.432-05:00","source":{"id":"0","name":"eventBus"}}
{"__type":"$$EventMessageWorkflow","id":"a74e05aa-d70b-4743-9b1d-58832a339c99","ts":"2025-12-20T16:01:10.121-05:00","eventName":"n8n.workflow.started","message":"n8n.workflow.started","payload":{"executionId":"10","workflowId":"wrzLe4VLnbEb29k6","isManual":false,"workflowName":"sds_workflow"}}
{"__type":"$$EventMessageConfirm","confirm":"a74e05aa-d70b-4743-9b1d-58832a339c99","ts":"2025-12-20T16:01:10.121-05:00","source":{"id":"0","name":"eventBus"}}
{"__type":"$$EventMessageNode","id":"0c22aef9-8c8a-494e-90e1-0412f7d98866","ts":"2025-12-20T16:01:10.122-05:00","eventName":"n8n.node.started","message":"n8n.node.started","payload":{"workflowId":"wrzLe4VLnbEb29k6","workflowName":"sds_workflow","executionId":"10","nodeType":"n8n-nodes-base.if","nodeName":"If","nodeId":"f9caf472-7ef5-4bb2-a386-7c46c8842d98"}}
{"__type":"$$EventMessageConfirm","confirm":"0c22aef9-8c8a-494e-90e1-0412f7d98866","ts":"2025-12-20T16:01:10.122-05:00","source":{"id":"0","name":"eventBus"}}
{"__type":"$$EventMessageNode","id":"1825ee5e-62a7-4387-b332-846bbbf05df4","ts":"2025-12-20T16:01:10.219-05:00","eventName":"n8n.node.finished","message":"n8n.node.finished","payload":{"workflowId":"wrzLe4VLnbEb29k6","workflowName":"sds_workflow","executionId":"10","nodeType":"n8n-nodes-base.if","nodeName":"If","nodeId":"f9caf472-7ef5-4bb2-a386-7c46c8842d98"}}
{"__type":"$$EventMessageConfirm","confirm":"1825ee5e-62a7-4387-b332-846bbbf05df4","ts":"2025-12-20T16:01:10.219-05:00","source":{"id":"0","name":"eventBus"}}
{"__type":"$$EventMessageWorkflow","id":"d61bb0b7-c77d-4402-b046-8691aaaee176","ts":"2025-12-20T16:01:10.225-05:00","eventName":"n8n.workflow.success","message":"n8n.workflow.success","payload":{"userId":"3acdc3d1-3853-48bb-ba29-419ed3f772ca","executionId":"10","success":true,"isManual":true,"workflowId":"wrzLe4VLnbEb29k6","workflowName":"sds_workflow"}}
{"__type":"$$EventMessageConfirm","confirm":"d61bb0b7-c77d-4402-b046-8691aaaee176","ts":"2025-12-20T16:01:10.225-05:00","source":{"id":"0","name":"eventBus"}}
{"__type":"$$EventMessageWorkflow","id":"b84bc643-c536-4962-ad44-1ab7b46cad28","ts":"2025-12-20T16:08:34.080-05:00","eventName":"n8n.workflow.started","message":"n8n.workflow.started","payload":{"executionId":"11","workflowId":"wrzLe4VLnbEb29k6","isManual":false,"workflowName":"sds_workflow"}}
{"__type":"$$EventMessageConfirm","confirm":"b84bc643-c536-4962-ad44-1ab7b46cad28","ts":"2025-12-20T16:08:34.080-05:00","source":{"id":"0","name":"eventBus"}}
{"__type":"$$EventMessageNode","id":"0fe147e4-9b62-4048-acf4-31756db637b5","ts":"2025-12-20T16:08:34.081-05:00","eventName":"n8n.node.started","message":"n8n.node.started","payload":{"workflowId":"wrzLe4VLnbEb29k6","workflowName":"sds_workflow","executionId":"11","nodeType":"n8n-nodes-base.if","nodeName":"If","nodeId":"f9caf472-7ef5-4bb2-a386-7c46c8842d98"}}
{"__type":"$$EventMessageConfirm","confirm":"0fe147e4-9b62-4048-acf4-31756db637b5","ts":"2025-12-20T16:08:34.081-05:00","source":{"id":"0","name":"eventBus"}}
{"__type":"$$EventMessageNode","id":"17ed4d90-c793-4428-910e-ad44e6f32e98","ts":"2025-12-20T16:08:34.455-05:00","eventName":"n8n.node.finished","message":"n8n.node.finished","payload":{"workflowId":"wrzLe4VLnbEb29k6","workflowName":"sds_workflow","executionId":"11","nodeType":"n8n-nodes-base.if","nodeName":"If","nodeId":"f9caf472-7ef5-4bb2-a386-7c46c8842d98"}}
{"__type":"$$EventMessageConfirm","confirm":"17ed4d90-c793-4428-910e-ad44e6f32e98","ts":"2025-12-20T16:08:34.455-05:00","source":{"id":"0","name":"eventBus"}}
{"__type":"$$EventMessageWorkflow","id":"38dd6639-5fa1-4490-a18c-9ed7dd8d9a96","ts":"2025-12-20T16:08:34.459-05:00","eventName":"n8n.workflow.failed","message":"n8n.workflow.failed","payload":{"userId":"3acdc3d1-3853-48bb-ba29-419ed3f772ca","executionId":"11","success":false,"isManual":true,"workflowId":"wrzLe4VLnbEb29k6","workflowName":"sds_workflow","lastNodeExecuted":"If","errorNodeType":"n8n-nodes-base.if","errorMessage":"Wrong type: '9 >= 7' is a string but was expecting a number [condition 0, item 0]"}}
{"__type":"$$EventMessageConfirm","confirm":"38dd6639-5fa1-4490-a18c-9ed7dd8d9a96","ts":"2025-12-20T16:08:34.459-05:00","source":{"id":"0","name":"eventBus"}}
{"__type":"$$EventMessageWorkflow","id":"5b5f67fa-b4e3-405f-a883-8a5194622c2d","ts":"2025-12-20T16:09:12.265-05:00","eventName":"n8n.workflow.started","message":"n8n.workflow.started","payload":{"executionId":"12","workflowId":"wrzLe4VLnbEb29k6","isManual":false,"workflowName":"sds_workflow"}}
{"__type":"$$EventMessageConfirm","confirm":"5b5f67fa-b4e3-405f-a883-8a5194622c2d","ts":"2025-12-20T16:09:12.265-05:00","source":{"id":"0","name":"eventBus"}}
{"__type":"$$EventMessageNode","id":"e569b44b-d600-4c53-bca5-8d57c55c3533","ts":"2025-12-20T16:09:12.269-05:00","eventName":"n8n.node.started","message":"n8n.node.started","payload":{"workflowId":"wrzLe4VLnbEb29k6","workflowName":"sds_workflow","executionId":"12","nodeType":"n8n-nodes-base.if","nodeName":"If","nodeId":"f9caf472-7ef5-4bb2-a386-7c46c8842d98"}}
{"__type":"$$EventMessageConfirm","confirm":"e569b44b-d600-4c53-bca5-8d57c55c3533","ts":"2025-12-20T16:09:12.270-05:00","source":{"id":"0","name":"eventBus"}}
{"__type":"$$EventMessageNode","id":"42d2582c-b4c7-4d2b-86f5-5dfb5edb4f8c","ts":"2025-12-20T16:09:12.306-05:00","eventName":"n8n.node.finished","message":"n8n.node.finished","payload":{"workflowId":"wrzLe4VLnbEb29k6","workflowName":"sds_workflow","executionId":"12","nodeType":"n8n-nodes-base.if","nodeName":"If","nodeId":"f9caf472-7ef5-4bb2-a386-7c46c8842d98"}}
{"__type":"$$EventMessageConfirm","confirm":"42d2582c-b4c7-4d2b-86f5-5dfb5edb4f8c","ts":"2025-12-20T16:09:12.306-05:00","source":{"id":"0","name":"eventBus"}}
{"__type":"$$EventMessageWorkflow","id":"8be8bae7-8036-4b4c-8b97-04d60ce7499b","ts":"2025-12-20T16:09:12.309-05:00","eventName":"n8n.workflow.failed","message":"n8n.workflow.failed","payload":{"userId":"3acdc3d1-3853-48bb-ba29-419ed3f772ca","executionId":"12","success":false,"isManual":true,"workflowId":"wrzLe4VLnbEb29k6","workflowName":"sds_workflow","lastNodeExecuted":"If","errorNodeType":"n8n-nodes-base.if","errorMessage":"Wrong type: '9\n' is a string but was expecting a number [condition 0, item 0]"}}
{"__type":"$$EventMessageConfirm","confirm":"8be8bae7-8036-4b4c-8b97-04d60ce7499b","ts":"2025-12-20T16:09:12.309-05:00","source":{"id":"0","name":"eventBus"}}
{"__type":"$$EventMessageWorkflow","id":"77b7e520-ba5a-4767-bdc0-99c0dd80cab9","ts":"2025-12-20T16:16:13.974-05:00","eventName":"n8n.workflow.started","message":"n8n.workflow.started","payload":{"executionId":"13","workflowId":"wrzLe4VLnbEb29k6","isManual":false,"workflowName":"sds_workflow"}}
{"__type":"$$EventMessageConfirm","confirm":"77b7e520-ba5a-4767-bdc0-99c0dd80cab9","ts":"2025-12-20T16:16:13.974-05:00","source":{"id":"0","name":"eventBus"}}
{"__type":"$$EventMessageNode","id":"bd24fc15-eb4e-4db9-93d3-97054d837ea3","ts":"2025-12-20T16:16:13.975-05:00","eventName":"n8n.node.started","message":"n8n.node.started","payload":{"workflowId":"wrzLe4VLnbEb29k6","workflowName":"sds_workflow","executionId":"13","nodeType":"n8n-nodes-base.if","nodeName":"If","nodeId":"f9caf472-7ef5-4bb2-a386-7c46c8842d98"}}
{"__type":"$$EventMessageConfirm","confirm":"bd24fc15-eb4e-4db9-93d3-97054d837ea3","ts":"2025-12-20T16:16:13.975-05:00","source":{"id":"0","name":"eventBus"}}
{"__type":"$$EventMessageNode","id":"79d83b0d-816e-4d33-b6f2-cb008a094f5e","ts":"2025-12-20T16:16:13.977-05:00","eventName":"n8n.node.finished","message":"n8n.node.finished","payload":{"workflowId":"wrzLe4VLnbEb29k6","workflowName":"sds_workflow","executionId":"13","nodeType":"n8n-nodes-base.if","nodeName":"If","nodeId":"f9caf472-7ef5-4bb2-a386-7c46c8842d98"}}
{"__type":"$$EventMessageConfirm","confirm":"79d83b0d-816e-4d33-b6f2-cb008a094f5e","ts":"2025-12-20T16:16:13.977-05:00","source":{"id":"0","name":"eventBus"}}
{"__type":"$$EventMessageWorkflow","id":"83c2cb3d-c7a1-41ac-a20d-d22a0eef726f","ts":"2025-12-20T16:16:13.980-05:00","eventName":"n8n.workflow.success","message":"n8n.workflow.success","payload":{"userId":"3acdc3d1-3853-48bb-ba29-419ed3f772ca","executionId":"13","success":true,"isManual":true,"workflowId":"wrzLe4VLnbEb29k6","workflowName":"sds_workflow"}}
{"__type":"$$EventMessageConfirm","confirm":"83c2cb3d-c7a1-41ac-a20d-d22a0eef726f","ts":"2025-12-20T16:16:13.980-05:00","source":{"id":"0","name":"eventBus"}}
{"__type":"$$EventMessageAudit","id":"7c7eb550-9664-4265-bba4-a856b5005ba7","ts":"2025-12-20T18:09:54.560-05:00","eventName":"n8n.audit.workflow.updated","message":"n8n.audit.workflow.updated","payload":{"userId":"3acdc3d1-3853-48bb-ba29-419ed3f772ca","_email":"shayeri.nandy@elogixmail.com","_firstName":"shayeri","_lastName":"nandy","globalRole":"global:owner","workflowId":"wrzLe4VLnbEb29k6","workflowName":"sds_workflow"}}
{"__type":"$$EventMessageConfirm","confirm":"7c7eb550-9664-4265-bba4-a856b5005ba7","ts":"2025-12-20T18:09:54.561-05:00","source":{"id":"0","name":"eventBus"}}
