{"__type":"$$EventMessageWorkflow","id":"7b1e90c0-4e3e-41b1-bad4-d26cc489e512","ts":"2025-12-22T01:02:37.493-05:00","eventName":"n8n.workflow.started","message":"n8n.workflow.started","payload":{"executionId":"14","workflowId":"wrzLe4VLnbEb29k6","isManual":false,"workflowName":"sds_workflow"}}
{"__type":"$$EventMessageConfirm","confirm":"7b1e90c0-4e3e-41b1-bad4-d26cc489e512","ts":"2025-12-22T01:02:37.569-05:00","source":{"id":"0","name":"eventBus"}}
{"__type":"$$EventMessageNode","id":"05f5b969-1653-4155-9a85-77abbf5bc839","ts":"2025-12-22T01:02:37.623-05:00","eventName":"n8n.node.started","message":"n8n.node.started","payload":{"workflowId":"wrzLe4VLnbEb29k6","workflowName":"sds_workflow","executionId":"14","nodeType":"n8n-nodes-base.webhook","nodeName":"Webhook","nodeId":"c13677e8-7891-46c9-948d-9ff5d45e53d0"}}
{"__type":"$$EventMessageConfirm","confirm":"05f5b969-1653-4155-9a85-77abbf5bc839","ts":"2025-12-22T01:02:37.623-05:00","source":{"id":"0","name":"eventBus"}}
{"__type":"$$EventMessageNode","id":"07a191ef-f95c-49b5-af23-6ee70817a609","ts":"2025-12-22T01:02:37.717-05:00","eventName":"n8n.node.finished","message":"n8n.node.finished","payload":{"workflowId":"wrzLe4VLnbEb29k6","workflowName":"sds_workflow","executionId":"14","nodeType":"n8n-nodes-base.webhook","nodeName":"Webhook","nodeId":"c13677e8-7891-46c9-948d-9ff5d45e53d0"}}
{"__type":"$$EventMessageConfirm","confirm":"07a191ef-f95c-49b5-af23-6ee70817a609","ts":"2025-12-22T01:02:37.717-05:00","source":{"id":"0","name":"eventBus"}}
{"__type":"$$EventMessageNode","id":"82dad9cf-f30c-4f99-b639-4ad48cfde9b5","ts":"2025-12-22T01:02:37.751-05:00","eventName":"n8n.node.started","message":"n8n.node.started","payload":{"workflowId":"wrzLe4VLnbEb29k6","workflowName":"sds_workflow","executionId":"14","nodeType":"n8n-nodes-base.httpRequest","nodeName":"HTTP Request","nodeId":"859ad28a-3e29-4e96-848b-afca432c5d02"}}
{"__type":"$$EventMessageConfirm","confirm":"82dad9cf-f30c-4f99-b639-4ad48cfde9b5","ts":"2025-12-22T01:02:37.757-05:00","source":{"id":"0","name":"eventBus"}}
{"__type":"$$EventMessageNode","id":"95d0dd97-c9ed-4f6d-8c30-dd2c28306426","ts":"2025-12-22T01:02:42.402-05:00","eventName":"n8n.node.finished","message":"n8n.node.finished","payload":{"workflowId":"wrzLe4VLnbEb29k6","workflowName":"sds_workflow","executionId":"14","nodeType":"n8n-nodes-base.httpRequest","nodeName":"HTTP Request","nodeId":"859ad28a-3e29-4e96-848b-afca432c5d02"}}
{"__type":"$$EventMessageConfirm","confirm":"95d0dd97-c9ed-4f6d-8c30-dd2c28306426","ts":"2025-12-22T01:02:42.402-05:00","source":{"id":"0","name":"eventBus"}}
{"__type":"$$EventMessageNode","id":"4b1f5dbd-fbdf-411e-b1bb-9a2a5430897b","ts":"2025-12-22T01:02:42.403-05:00","eventName":"n8n.node.started","message":"n8n.node.started","payload":{"workflowId":"wrzLe4VLnbEb29k6","workflowName":"sds_workflow","executionId":"14","nodeType":"n8n-nodes-base.if","nodeName":"If","nodeId":"f9caf472-7ef5-4bb2-a386-7c46c8842d98"}}
{"__type":"$$EventMessageConfirm","confirm":"4b1f5dbd-fbdf-411e-b1bb-9a2a5430897b","ts":"2025-12-22T01:02:42.403-05:00","source":{"id":"0","name":"eventBus"}}
{"__type":"$$EventMessageNode","id":"03c06baf-20d1-462b-8d74-9ccb93141e31","ts":"2025-12-22T01:02:42.567-05:00","eventName":"n8n.node.finished","message":"n8n.node.finished","payload":{"workflowId":"wrzLe4VLnbEb29k6","workflowName":"sds_workflow","executionId":"14","nodeType":"n8n-nodes-base.if","nodeName":"If","nodeId":"f9caf472-7ef5-4bb2-a386-7c46c8842d98"}}
{"__type":"$$EventMessageConfirm","confirm":"03c06baf-20d1-462b-8d74-9ccb93141e31","ts":"2025-12-22T01:02:42.567-05:00","source":{"id":"0","name":"eventBus"}}
{"__type":"$$EventMessageNode","id":"b5ab435d-292d-44ed-9527-e1d3f522435e","ts":"2025-12-22T01:02:42.567-05:00","eventName":"n8n.node.started","message":"n8n.node.started","payload":{"workflowId":"wrzLe4VLnbEb29k6","workflowName":"sds_workflow","executionId":"14","nodeType":"n8n-nodes-base.respondToWebhook","nodeName":"Respond to Webhook","nodeId":"193b6328-96b2-418d-9d7f-78908a35767b"}}
{"__type":"$$EventMessageConfirm","confirm":"b5ab435d-292d-44ed-9527-e1d3f522435e","ts":"2025-12-22T01:02:42.568-05:00","source":{"id":"0","name":"eventBus"}}
{"__type":"$$EventMessageNode","id":"94780a25-f2a5-488f-b6aa-efee531cdbb3","ts":"2025-12-22T01:02:42.766-05:00","eventName":"n8n.node.finished","message":"n8n.node.finished","payload":{"workflowId":"wrzLe4VLnbEb29k6","workflowName":"sds_workflow","executionId":"14","nodeType":"n8n-nodes-base.respondToWebhook","nodeName":"Respond to Webhook","nodeId":"193b6328-96b2-418d-9d7f-78908a35767b"}}
{"__type":"$$EventMessageConfirm","confirm":"94780a25-f2a5-488f-b6aa-efee531cdbb3","ts":"2025-12-22T01:02:42.766-05:00","source":{"id":"0","name":"eventBus"}}
{"__type":"$$EventMessageWorkflow","id":"b2b31f9a-1b53-415e-9c17-13998848f383","ts":"2025-12-22T01:02:43.405-05:00","eventName":"n8n.workflow.success","message":"n8n.workflow.success","payload":{"executionId":"14","success":true,"isManual":true,"workflowId":"wrzLe4VLnbEb29k6","workflowName":"sds_workflow"}}
{"__type":"$$EventMessageConfirm","confirm":"b2b31f9a-1b53-415e-9c17-13998848f383","ts":"2025-12-22T01:02:43.405-05:00","source":{"id":"0","name":"eventBus"}}
{"__type":"$$EventMessageWorkflow","id":"73889015-8304-426c-a21c-b0421ac8966e","ts":"2025-12-22T01:42:36.756-05:00","eventName":"n8n.workflow.started","message":"n8n.workflow.started","payload":{"executionId":"15","workflowId":"wrzLe4VLnbEb29k6","isManual":false,"workflowName":"sds_workflow"}}
{"__type":"$$EventMessageConfirm","confirm":"73889015-8304-426c-a21c-b0421ac8966e","ts":"2025-12-22T01:42:36.758-05:00","source":{"id":"0","name":"eventBus"}}
{"__type":"$$EventMessageNode","id":"c13c5c20-ad01-44d0-8836-241db6b8c30a","ts":"2025-12-22T01:42:36.761-05:00","eventName":"n8n.node.started","message":"n8n.node.started","payload":{"workflowId":"wrzLe4VLnbEb29k6","workflowName":"sds_workflow","executionId":"15","nodeType":"n8n-nodes-base.webhook","nodeName":"Webhook","nodeId":"c13677e8-7891-46c9-948d-9ff5d45e53d0"}}
{"__type":"$$EventMessageConfirm","confirm":"c13c5c20-ad01-44d0-8836-241db6b8c30a","ts":"2025-12-22T01:42:36.761-05:00","source":{"id":"0","name":"eventBus"}}
{"__type":"$$EventMessageNode","id":"d8a94c03-bf3c-45a6-8823-35cb43ec47b5","ts":"2025-12-22T01:42:36.762-05:00","eventName":"n8n.node.finished","message":"n8n.node.finished","payload":{"workflowId":"wrzLe4VLnbEb29k6","workflowName":"sds_workflow","executionId":"15","nodeType":"n8n-nodes-base.webhook","nodeName":"Webhook","nodeId":"c13677e8-7891-46c9-948d-9ff5d45e53d0"}}
{"__type":"$$EventMessageConfirm","confirm":"d8a94c03-bf3c-45a6-8823-35cb43ec47b5","ts":"2025-12-22T01:42:36.762-05:00","source":{"id":"0","name":"eventBus"}}
{"__type":"$$EventMessageNode","id":"47a302b0-a1df-48ee-8219-1df5568d6325","ts":"2025-12-22T01:42:36.763-05:00","eventName":"n8n.node.started","message":"n8n.node.started","payload":{"workflowId":"wrzLe4VLnbEb29k6","workflowName":"sds_workflow","executionId":"15","nodeType":"n8n-nodes-base.httpRequest","nodeName":"HTTP Request","nodeId":"859ad28a-3e29-4e96-848b-afca432c5d02"}}
{"__type":"$$EventMessageConfirm","confirm":"47a302b0-a1df-48ee-8219-1df5568d6325","ts":"2025-12-22T01:42:36.763-05:00","source":{"id":"0","name":"eventBus"}}
{"__type":"$$EventMessageNode","id":"5db57ccb-6dfd-4704-b138-8dfc5461e876","ts":"2025-12-22T01:42:36.826-05:00","eventName":"n8n.node.finished","message":"n8n.node.finished","payload":{"workflowId":"wrzLe4VLnbEb29k6","workflowName":"sds_workflow","executionId":"15","nodeType":"n8n-nodes-base.httpRequest","nodeName":"HTTP Request","nodeId":"859ad28a-3e29-4e96-848b-afca432c5d02"}}
{"__type":"$$EventMessageConfirm","confirm":"5db57ccb-6dfd-4704-b138-8dfc5461e876","ts":"2025-12-22T01:42:36.826-05:00","source":{"id":"0","name":"eventBus"}}
{"__type":"$$EventMessageNode","id":"63fcb18d-041d-4d64-8c05-f689691ba5b2","ts":"2025-12-22T01:42:36.827-05:00","eventName":"n8n.node.started","message":"n8n.node.started","payload":{"workflowId":"wrzLe4VLnbEb29k6","workflowName":"sds_workflow","executionId":"15","nodeType":"n8n-nodes-base.if","nodeName":"If","nodeId":"f9caf472-7ef5-4bb2-a386-7c46c8842d98"}}
{"__type":"$$EventMessageConfirm","confirm":"63fcb18d-041d-4d64-8c05-f689691ba5b2","ts":"2025-12-22T01:42:36.827-05:00","source":{"id":"0","name":"eventBus"}}
{"__type":"$$EventMessageNode","id":"3dc25101-4b48-4b16-8cbc-132be4217a34","ts":"2025-12-22T01:42:36.829-05:00","eventName":"n8n.node.finished","message":"n8n.node.finished","payload":{"workflowId":"wrzLe4VLnbEb29k6","workflowName":"sds_workflow","executionId":"15","nodeType":"n8n-nodes-base.if","nodeName":"If","nodeId":"f9caf472-7ef5-4bb2-a386-7c46c8842d98"}}
{"__type":"$$EventMessageConfirm","confirm":"3dc25101-4b48-4b16-8cbc-132be4217a34","ts":"2025-12-22T01:42:36.829-05:00","source":{"id":"0","name":"eventBus"}}
{"__type":"$$EventMessageNode","id":"2f8c24d2-8186-4c8b-95b5-b2b2a29f36a7","ts":"2025-12-22T01:42:36.830-05:00","eventName":"n8n.node.started","message":"n8n.node.started","payload":{"workflowId":"wrzLe4VLnbEb29k6","workflowName":"sds_workflow","executionId":"15","nodeType":"n8n-nodes-base.respondToWebhook","nodeName":"Respond to Webhook","nodeId":"193b6328-96b2-418d-9d7f-78908a35767b"}}
{"__type":"$$EventMessageConfirm","confirm":"2f8c24d2-8186-4c8b-95b5-b2b2a29f36a7","ts":"2025-12-22T01:42:36.830-05:00","source":{"id":"0","name":"eventBus"}}
{"__type":"$$EventMessageNode","id":"b21962b3-bc95-48bf-98e4-baedfbb27cd1","ts":"2025-12-22T01:42:36.833-05:00","eventName":"n8n.node.finished","message":"n8n.node.finished","payload":{"workflowId":"wrzLe4VLnbEb29k6","workflowName":"sds_workflow","executionId":"15","nodeType":"n8n-nodes-base.respondToWebhook","nodeName":"Respond to Webhook","nodeId":"193b6328-96b2-418d-9d7f-78908a35767b"}}
{"__type":"$$EventMessageConfirm","confirm":"b21962b3-bc95-48bf-98e4-baedfbb27cd1","ts":"2025-12-22T01:42:36.833-05:00","source":{"id":"0","name":"eventBus"}}
{"__type":"$$EventMessageWorkflow","id":"3675f2c1-46e4-4837-973a-0226e4fbfe60","ts":"2025-12-22T01:42:36.848-05:00","eventName":"n8n.workflow.success","message":"n8n.workflow.success","payload":{"executionId":"15","success":true,"isManual":true,"workflowId":"wrzLe4VLnbEb29k6","workflowName":"sds_workflow"}}
{"__type":"$$EventMessageConfirm","confirm":"3675f2c1-46e4-4837-973a-0226e4fbfe60","ts":"2025-12-22T01:42:36.848-05:00","source":{"id":"0","name":"eventBus"}}
