{"__type":"$$EventMessageWorkflow","id":"f98c0ce4-7845-458c-b7ff-811c0d1c01a2","ts":"2025-12-18T08:21:26.819-05:00","eventName":"n8n.workflow.started","message":"n8n.workflow.started","payload":{"executionId":"1","workflowId":"wrzLe4VLnbEb29k6","isManual":false,"workflowName":"sds_workflow"}}
{"__type":"$$EventMessageConfirm","confirm":"f98c0ce4-7845-458c-b7ff-811c0d1c01a2","ts":"2025-12-18T08:21:26.917-05:00","source":{"id":"0","name":"eventBus"}}
{"__type":"$$EventMessageNode","id":"d8a9ce33-b2b1-431c-b10e-2eac51b540df","ts":"2025-12-18T08:21:26.958-05:00","eventName":"n8n.node.started","message":"n8n.node.started","payload":{"workflowId":"wrzLe4VLnbEb29k6","workflowName":"sds_workflow","executionId":"1","nodeType":"n8n-nodes-base.webhook","nodeName":"Webhook","nodeId":"c13677e8-7891-46c9-948d-9ff5d45e53d0"}}
{"__type":"$$EventMessageConfirm","confirm":"d8a9ce33-b2b1-431c-b10e-2eac51b540df","ts":"2025-12-18T08:21:26.959-05:00","source":{"id":"0","name":"eventBus"}}
{"__type":"$$EventMessageNode","id":"a13401aa-036e-45af-a21a-28d74f4fc52e","ts":"2025-12-18T08:21:27.122-05:00","eventName":"n8n.node.finished","message":"n8n.node.finished","payload":{"workflowId":"wrzLe4VLnbEb29k6","workflowName":"sds_workflow","executionId":"1","nodeType":"n8n-nodes-base.webhook","nodeName":"Webhook","nodeId":"c13677e8-7891-46c9-948d-9ff5d45e53d0"}}
{"__type":"$$EventMessageConfirm","confirm":"a13401aa-036e-45af-a21a-28d74f4fc52e","ts":"2025-12-18T08:21:27.122-05:00","source":{"id":"0","name":"eventBus"}}
{"__type":"$$EventMessageNode","id":"27751dba-528d-4df6-8b0f-7bd45eb2602b","ts":"2025-12-18T08:21:27.164-05:00","eventName":"n8n.node.started","message":"n8n.node.started","payload":{"workflowId":"wrzLe4VLnbEb29k6","workflowName":"sds_workflow","executionId":"1","nodeType":"n8n-nodes-base.httpRequest","nodeName":"HTTP Request","nodeId":"859ad28a-3e29-4e96-848b-afca432c5d02"}}
{"__type":"$$EventMessageConfirm","confirm":"27751dba-528d-4df6-8b0f-7bd45eb2602b","ts":"2025-12-18T08:21:27.164-05:00","source":{"id":"0","name":"eventBus"}}
{"__type":"$$EventMessageNode","id":"00e3a62d-84ea-4617-b532-5319c24d239b","ts":"2025-12-18T08:21:30.916-05:00","eventName":"n8n.node.finished","message":"n8n.node.finished","payload":{"workflowId":"wrzLe4VLnbEb29k6","workflowName":"sds_workflow","executionId":"1","nodeType":"n8n-nodes-base.httpRequest","nodeName":"HTTP Request","nodeId":"859ad28a-3e29-4e96-848b-afca432c5d02"}}
{"__type":"$$EventMessageConfirm","confirm":"00e3a62d-84ea-4617-b532-5319c24d239b","ts":"2025-12-18T08:21:30.916-05:00","source":{"id":"0","name":"eventBus"}}
{"__type":"$$EventMessageWorkflow","id":"edab6e80-a399-4bcb-bca1-009c36ce70b9","ts":"2025-12-18T08:21:31.240-05:00","eventName":"n8n.workflow.failed","message":"n8n.workflow.failed","payload":{"executionId":"1","success":false,"isManual":true,"workflowId":"wrzLe4VLnbEb29k6","workflowName":"sds_workflow","lastNodeExecuted":"HTTP Request","errorNodeType":"n8n-nodes-base.httpRequest","errorMessage":"The service refused the connection - perhaps it is offline"}}
{"__type":"$$EventMessageConfirm","confirm":"edab6e80-a399-4bcb-bca1-009c36ce70b9","ts":"2025-12-18T08:21:31.240-05:00","source":{"id":"0","name":"eventBus"}}
{"__type":"$$EventMessageWorkflow","id":"994ca6fd-b237-4072-addb-a8724e5898c0","ts":"2025-12-19T00:43:05.631-05:00","eventName":"n8n.workflow.started","message":"n8n.workflow.started","payload":{"executionId":"2","workflowId":"wrzLe4VLnbEb29k6","isManual":false,"workflowName":"sds_workflow"}}
{"__type":"$$EventMessageConfirm","confirm":"994ca6fd-b237-4072-addb-a8724e5898c0","ts":"2025-12-19T00:43:05.651-05:00","source":{"id":"0","name":"eventBus"}}
{"__type":"$$EventMessageNode","id":"45284db2-8b86-4b03-8be3-f05061d4c47f","ts":"2025-12-19T00:43:05.653-05:00","eventName":"n8n.node.started","message":"n8n.node.started","payload":{"workflowId":"wrzLe4VLnbEb29k6","workflowName":"sds_workflow","executionId":"2","nodeType":"n8n-nodes-base.webhook","nodeName":"Webhook","nodeId":"c13677e8-7891-46c9-948d-9ff5d45e53d0"}}
{"__type":"$$EventMessageConfirm","confirm":"45284db2-8b86-4b03-8be3-f05061d4c47f","ts":"2025-12-19T00:43:05.653-05:00","source":{"id":"0","name":"eventBus"}}
{"__type":"$$EventMessageNode","id":"a9161345-15b0-47ba-9ed8-aa0fa4d91562","ts":"2025-12-19T00:43:05.692-05:00","eventName":"n8n.node.finished","message":"n8n.node.finished","payload":{"workflowId":"wrzLe4VLnbEb29k6","workflowName":"sds_workflow","executionId":"2","nodeType":"n8n-nodes-base.webhook","nodeName":"Webhook","nodeId":"c13677e8-7891-46c9-948d-9ff5d45e53d0"}}
{"__type":"$$EventMessageConfirm","confirm":"a9161345-15b0-47ba-9ed8-aa0fa4d91562","ts":"2025-12-19T00:43:05.692-05:00","source":{"id":"0","name":"eventBus"}}
{"__type":"$$EventMessageNode","id":"f42add7f-e9af-45ff-8426-651807e57a5e","ts":"2025-12-19T00:43:05.693-05:00","eventName":"n8n.node.started","message":"n8n.node.started","payload":{"workflowId":"wrzLe4VLnbEb29k6","workflowName":"sds_workflow","executionId":"2","nodeType":"n8n-nodes-base.httpRequest","nodeName":"HTTP Request","nodeId":"859ad28a-3e29-4e96-848b-afca432c5d02"}}
{"__type":"$$EventMessageConfirm","confirm":"f42add7f-e9af-45ff-8426-651807e57a5e","ts":"2025-12-19T00:43:05.693-05:00","source":{"id":"0","name":"eventBus"}}
{"__type":"$$EventMessageNode","id":"c8b777fa-f350-4501-924b-39e1bad1eb83","ts":"2025-12-19T00:43:05.878-05:00","eventName":"n8n.node.finished","message":"n8n.node.finished","payload":{"workflowId":"wrzLe4VLnbEb29k6","workflowName":"sds_workflow","executionId":"2","nodeType":"n8n-nodes-base.httpRequest","nodeName":"HTTP Request","nodeId":"859ad28a-3e29-4e96-848b-afca432c5d02"}}
{"__type":"$$EventMessageConfirm","confirm":"c8b777fa-f350-4501-924b-39e1bad1eb83","ts":"2025-12-19T00:43:05.878-05:00","source":{"id":"0","name":"eventBus"}}
{"__type":"$$EventMessageWorkflow","id":"89d112c2-d047-4442-be35-aafae9f01a0a","ts":"2025-12-19T00:43:05.892-05:00","eventName":"n8n.workflow.failed","message":"n8n.workflow.failed","payload":{"executionId":"2","success":false,"isManual":true,"workflowId":"wrzLe4VLnbEb29k6","workflowName":"sds_workflow","lastNodeExecuted":"HTTP Request","errorNodeType":"n8n-nodes-base.httpRequest","errorMessage":"The service refused the connection - perhaps it is offline"}}
{"__type":"$$EventMessageConfirm","confirm":"89d112c2-d047-4442-be35-aafae9f01a0a","ts":"2025-12-19T00:43:05.892-05:00","source":{"id":"0","name":"eventBus"}}
{"__type":"$$EventMessageWorkflow","id":"8bedde10-6ea2-4b52-af04-1cf2d9e665ee","ts":"2025-12-19T01:53:22.114-05:00","eventName":"n8n.workflow.started","message":"n8n.workflow.started","payload":{"executionId":"3","workflowId":"wrzLe4VLnbEb29k6","isManual":false,"workflowName":"sds_workflow"}}
{"__type":"$$EventMessageConfirm","confirm":"8bedde10-6ea2-4b52-af04-1cf2d9e665ee","ts":"2025-12-19T01:53:22.138-05:00","source":{"id":"0","name":"eventBus"}}
{"__type":"$$EventMessageNode","id":"534ae950-67d2-419a-b743-5b8639643bd3","ts":"2025-12-19T01:53:22.139-05:00","eventName":"n8n.node.started","message":"n8n.node.started","payload":{"workflowId":"wrzLe4VLnbEb29k6","workflowName":"sds_workflow","executionId":"3","nodeType":"n8n-nodes-base.webhook","nodeName":"Webhook","nodeId":"c13677e8-7891-46c9-948d-9ff5d45e53d0"}}
{"__type":"$$EventMessageConfirm","confirm":"534ae950-67d2-419a-b743-5b8639643bd3","ts":"2025-12-19T01:53:22.139-05:00","source":{"id":"0","name":"eventBus"}}
{"__type":"$$EventMessageNode","id":"266cbd1b-34f8-4154-9c95-9c4acc6b9c95","ts":"2025-12-19T01:53:22.140-05:00","eventName":"n8n.node.finished","message":"n8n.node.finished","payload":{"workflowId":"wrzLe4VLnbEb29k6","workflowName":"sds_workflow","executionId":"3","nodeType":"n8n-nodes-base.webhook","nodeName":"Webhook","nodeId":"c13677e8-7891-46c9-948d-9ff5d45e53d0"}}
{"__type":"$$EventMessageConfirm","confirm":"266cbd1b-34f8-4154-9c95-9c4acc6b9c95","ts":"2025-12-19T01:53:22.140-05:00","source":{"id":"0","name":"eventBus"}}
{"__type":"$$EventMessageWorkflow","id":"554907e0-6ce8-4ecf-a5e1-70283cd1e6b9","ts":"2025-12-19T01:53:22.156-05:00","eventName":"n8n.workflow.success","message":"n8n.workflow.success","payload":{"executionId":"3","success":true,"isManual":true,"workflowId":"wrzLe4VLnbEb29k6","workflowName":"sds_workflow"}}
{"__type":"$$EventMessageConfirm","confirm":"554907e0-6ce8-4ecf-a5e1-70283cd1e6b9","ts":"2025-12-19T01:53:22.156-05:00","source":{"id":"0","name":"eventBus"}}
{"__type":"$$EventMessageWorkflow","id":"88a7a53f-412f-4bfb-bd0a-4b91f315f930","ts":"2025-12-19T03:47:00.700-05:00","eventName":"n8n.workflow.started","message":"n8n.workflow.started","payload":{"executionId":"4","workflowId":"wrzLe4VLnbEb29k6","isManual":false,"workflowName":"sds_workflow"}}
{"__type":"$$EventMessageConfirm","confirm":"88a7a53f-412f-4bfb-bd0a-4b91f315f930","ts":"2025-12-19T03:47:00.798-05:00","source":{"id":"0","name":"eventBus"}}
{"__type":"$$EventMessageNode","id":"6492767a-7887-4eb6-965f-f20519aefe51","ts":"2025-12-19T03:47:00.807-05:00","eventName":"n8n.node.started","message":"n8n.node.started","payload":{"workflowId":"wrzLe4VLnbEb29k6","workflowName":"sds_workflow","executionId":"4","nodeType":"n8n-nodes-base.webhook","nodeName":"Webhook","nodeId":"c13677e8-7891-46c9-948d-9ff5d45e53d0"}}
{"__type":"$$EventMessageConfirm","confirm":"6492767a-7887-4eb6-965f-f20519aefe51","ts":"2025-12-19T03:47:00.807-05:00","source":{"id":"0","name":"eventBus"}}
{"__type":"$$EventMessageNode","id":"54f2538e-a7ed-4a76-947a-c63ed4f2cae7","ts":"2025-12-19T03:47:00.934-05:00","eventName":"n8n.node.finished","message":"n8n.node.finished","payload":{"workflowId":"wrzLe4VLnbEb29k6","workflowName":"sds_workflow","executionId":"4","nodeType":"n8n-nodes-base.webhook","nodeName":"Webhook","nodeId":"c13677e8-7891-46c9-948d-9ff5d45e53d0"}}
{"__type":"$$EventMessageConfirm","confirm":"54f2538e-a7ed-4a76-947a-c63ed4f2cae7","ts":"2025-12-19T03:47:00.935-05:00","source":{"id":"0","name":"eventBus"}}
{"__type":"$$EventMessageNode","id":"c2915b67-d853-41a0-96bf-9b68e6aae7f6","ts":"2025-12-19T03:47:01.000-05:00","eventName":"n8n.node.started","message":"n8n.node.started","payload":{"workflowId":"wrzLe4VLnbEb29k6","workflowName":"sds_workflow","executionId":"4","nodeType":"n8n-nodes-base.httpRequest","nodeName":"HTTP Request","nodeId":"859ad28a-3e29-4e96-848b-afca432c5d02"}}
{"__type":"$$EventMessageConfirm","confirm":"c2915b67-d853-41a0-96bf-9b68e6aae7f6","ts":"2025-12-19T03:47:01.000-05:00","source":{"id":"0","name":"eventBus"}}
{"__type":"$$EventMessageNode","id":"9768d791-d9a3-46a3-8a2b-bbe3555245e5","ts":"2025-12-19T03:47:03.328-05:00","eventName":"n8n.node.finished","message":"n8n.node.finished","payload":{"workflowId":"wrzLe4VLnbEb29k6","workflowName":"sds_workflow","executionId":"4","nodeType":"n8n-nodes-base.httpRequest","nodeName":"HTTP Request","nodeId":"859ad28a-3e29-4e96-848b-afca432c5d02"}}
{"__type":"$$EventMessageConfirm","confirm":"9768d791-d9a3-46a3-8a2b-bbe3555245e5","ts":"2025-12-19T03:47:03.329-05:00","source":{"id":"0","name":"eventBus"}}
{"__type":"$$EventMessageWorkflow","id":"c10ae70e-9ff5-4030-9bfd-955f8dffedbb","ts":"2025-12-19T03:47:03.637-05:00","eventName":"n8n.workflow.failed","message":"n8n.workflow.failed","payload":{"executionId":"4","success":false,"isManual":true,"workflowId":"wrzLe4VLnbEb29k6","workflowName":"sds_workflow","lastNodeExecuted":"HTTP Request","errorNodeType":"n8n-nodes-base.httpRequest","errorMessage":"The service refused the connection - perhaps it is offline"}}
{"__type":"$$EventMessageConfirm","confirm":"c10ae70e-9ff5-4030-9bfd-955f8dffedbb","ts":"2025-12-19T03:47:03.638-05:00","source":{"id":"0","name":"eventBus"}}
{"__type":"$$EventMessageWorkflow","id":"7a5f3e4e-8b27-4e31-9fa3-d7594d8c1cbf","ts":"2025-12-19T06:36:03.967-05:00","eventName":"n8n.workflow.started","message":"n8n.workflow.started","payload":{"executionId":"5","workflowId":"wrzLe4VLnbEb29k6","isManual":false,"workflowName":"sds_workflow"}}
{"__type":"$$EventMessageConfirm","confirm":"7a5f3e4e-8b27-4e31-9fa3-d7594d8c1cbf","ts":"2025-12-19T06:36:03.998-05:00","source":{"id":"0","name":"eventBus"}}
{"__type":"$$EventMessageNode","id":"37365a65-e4d8-4676-884b-8d02cef4e12f","ts":"2025-12-19T06:36:04.039-05:00","eventName":"n8n.node.started","message":"n8n.node.started","payload":{"workflowId":"wrzLe4VLnbEb29k6","workflowName":"sds_workflow","executionId":"5","nodeType":"n8n-nodes-base.webhook","nodeName":"Webhook","nodeId":"c13677e8-7891-46c9-948d-9ff5d45e53d0"}}
{"__type":"$$EventMessageConfirm","confirm":"37365a65-e4d8-4676-884b-8d02cef4e12f","ts":"2025-12-19T06:36:04.039-05:00","source":{"id":"0","name":"eventBus"}}
{"__type":"$$EventMessageNode","id":"66dade25-bf60-413e-b254-eccd2eb2b09d","ts":"2025-12-19T06:36:04.041-05:00","eventName":"n8n.node.finished","message":"n8n.node.finished","payload":{"workflowId":"wrzLe4VLnbEb29k6","workflowName":"sds_workflow","executionId":"5","nodeType":"n8n-nodes-base.webhook","nodeName":"Webhook","nodeId":"c13677e8-7891-46c9-948d-9ff5d45e53d0"}}
{"__type":"$$EventMessageConfirm","confirm":"66dade25-bf60-413e-b254-eccd2eb2b09d","ts":"2025-12-19T06:36:04.041-05:00","source":{"id":"0","name":"eventBus"}}
{"__type":"$$EventMessageNode","id":"a8d822df-9432-4ad7-8416-a184be2db7c8","ts":"2025-12-19T06:36:04.041-05:00","eventName":"n8n.node.started","message":"n8n.node.started","payload":{"workflowId":"wrzLe4VLnbEb29k6","workflowName":"sds_workflow","executionId":"5","nodeType":"n8n-nodes-base.httpRequest","nodeName":"HTTP Request","nodeId":"859ad28a-3e29-4e96-848b-afca432c5d02"}}
{"__type":"$$EventMessageConfirm","confirm":"a8d822df-9432-4ad7-8416-a184be2db7c8","ts":"2025-12-19T06:36:04.042-05:00","source":{"id":"0","name":"eventBus"}}
{"__type":"$$EventMessageNode","id":"f03c635f-e17b-4f19-a66e-fc05feb92f40","ts":"2025-12-19T06:36:05.353-05:00","eventName":"n8n.node.finished","message":"n8n.node.finished","payload":{"workflowId":"wrzLe4VLnbEb29k6","workflowName":"sds_workflow","executionId":"5","nodeType":"n8n-nodes-base.httpRequest","nodeName":"HTTP Request","nodeId":"859ad28a-3e29-4e96-848b-afca432c5d02"}}
{"__type":"$$EventMessageConfirm","confirm":"f03c635f-e17b-4f19-a66e-fc05feb92f40","ts":"2025-12-19T06:36:05.353-05:00","source":{"id":"0","name":"eventBus"}}
{"__type":"$$EventMessageWorkflow","id":"c5a23e1b-3ef6-4103-99c6-046f8ec7146c","ts":"2025-12-19T06:36:05.784-05:00","eventName":"n8n.workflow.failed","message":"n8n.workflow.failed","payload":{"executionId":"5","success":false,"isManual":true,"workflowId":"wrzLe4VLnbEb29k6","workflowName":"sds_workflow","lastNodeExecuted":"HTTP Request","errorNodeType":"n8n-nodes-base.httpRequest","errorMessage":"The service refused the connection - perhaps it is offline"}}
{"__type":"$$EventMessageConfirm","confirm":"c5a23e1b-3ef6-4103-99c6-046f8ec7146c","ts":"2025-12-19T06:36:05.785-05:00","source":{"id":"0","name":"eventBus"}}
{"__type":"$$EventMessageWorkflow","id":"7986f2e4-963b-4f13-9f29-288700a86799","ts":"2025-12-19T07:46:51.335-05:00","eventName":"n8n.workflow.started","message":"n8n.workflow.started","payload":{"executionId":"6","workflowId":"wrzLe4VLnbEb29k6","isManual":false,"workflowName":"sds_workflow"}}
{"__type":"$$EventMessageConfirm","confirm":"7986f2e4-963b-4f13-9f29-288700a86799","ts":"2025-12-19T07:46:51.430-05:00","source":{"id":"0","name":"eventBus"}}
{"__type":"$$EventMessageNode","id":"7b1fbb08-ea49-49a3-a370-b3eb849ad8de","ts":"2025-12-19T07:46:51.620-05:00","eventName":"n8n.node.started","message":"n8n.node.started","payload":{"workflowId":"wrzLe4VLnbEb29k6","workflowName":"sds_workflow","executionId":"6","nodeType":"n8n-nodes-base.httpRequest","nodeName":"HTTP Request","nodeId":"859ad28a-3e29-4e96-848b-afca432c5d02"}}
{"__type":"$$EventMessageConfirm","confirm":"7b1fbb08-ea49-49a3-a370-b3eb849ad8de","ts":"2025-12-19T07:46:51.620-05:00","source":{"id":"0","name":"eventBus"}}
{"__type":"$$EventMessageNode","id":"14f20f4c-25de-496e-819e-81c768377086","ts":"2025-12-19T07:46:55.047-05:00","eventName":"n8n.node.finished","message":"n8n.node.finished","payload":{"workflowId":"wrzLe4VLnbEb29k6","workflowName":"sds_workflow","executionId":"6","nodeType":"n8n-nodes-base.httpRequest","nodeName":"HTTP Request","nodeId":"859ad28a-3e29-4e96-848b-afca432c5d02"}}
{"__type":"$$EventMessageConfirm","confirm":"14f20f4c-25de-496e-819e-81c768377086","ts":"2025-12-19T07:46:55.047-05:00","source":{"id":"0","name":"eventBus"}}
{"__type":"$$EventMessageWorkflow","id":"473af6e3-73b9-4ccd-b829-b6d1343ba2d2","ts":"2025-12-19T07:46:55.361-05:00","eventName":"n8n.workflow.failed","message":"n8n.workflow.failed","payload":{"userId":"3acdc3d1-3853-48bb-ba29-419ed3f772ca","executionId":"6","success":false,"isManual":true,"workflowId":"wrzLe4VLnbEb29k6","workflowName":"sds_workflow","lastNodeExecuted":"HTTP Request","errorNodeType":"n8n-nodes-base.httpRequest","errorMessage":"The service refused the connection - perhaps it is offline"}}
{"__type":"$$EventMessageConfirm","confirm":"473af6e3-73b9-4ccd-b829-b6d1343ba2d2","ts":"2025-12-19T07:46:55.361-05:00","source":{"id":"0","name":"eventBus"}}
{"__type":"$$EventMessageWorkflow","id":"713987fb-2324-40bf-b2c3-a2156677eb76","ts":"2025-12-19T08:00:14.504-05:00","eventName":"n8n.workflow.started","message":"n8n.workflow.started","payload":{"executionId":"7","workflowId":"wrzLe4VLnbEb29k6","isManual":false,"workflowName":"sds_workflow"}}
{"__type":"$$EventMessageConfirm","confirm":"713987fb-2324-40bf-b2c3-a2156677eb76","ts":"2025-12-19T08:00:14.506-05:00","source":{"id":"0","name":"eventBus"}}
{"__type":"$$EventMessageNode","id":"41e7bcbc-4f88-4915-b60b-08a20e6b5b67","ts":"2025-12-19T08:00:14.628-05:00","eventName":"n8n.node.started","message":"n8n.node.started","payload":{"workflowId":"wrzLe4VLnbEb29k6","workflowName":"sds_workflow","executionId":"7","nodeType":"n8n-nodes-base.httpRequest","nodeName":"HTTP Request","nodeId":"859ad28a-3e29-4e96-848b-afca432c5d02"}}
{"__type":"$$EventMessageConfirm","confirm":"41e7bcbc-4f88-4915-b60b-08a20e6b5b67","ts":"2025-12-19T08:00:14.628-05:00","source":{"id":"0","name":"eventBus"}}
{"__type":"$$EventMessageNode","id":"fca37795-6c03-44cd-a44e-2fb6d0e88af6","ts":"2025-12-19T08:00:22.478-05:00","eventName":"n8n.node.finished","message":"n8n.node.finished","payload":{"workflowId":"wrzLe4VLnbEb29k6","workflowName":"sds_workflow","executionId":"7","nodeType":"n8n-nodes-base.httpRequest","nodeName":"HTTP Request","nodeId":"859ad28a-3e29-4e96-848b-afca432c5d02"}}
{"__type":"$$EventMessageConfirm","confirm":"fca37795-6c03-44cd-a44e-2fb6d0e88af6","ts":"2025-12-19T08:00:22.479-05:00","source":{"id":"0","name":"eventBus"}}
{"__type":"$$EventMessageWorkflow","id":"e0c68b4f-6bd2-4a26-b086-aae9d5ab314d","ts":"2025-12-19T08:00:22.547-05:00","eventName":"n8n.workflow.success","message":"n8n.workflow.success","payload":{"userId":"3acdc3d1-3853-48bb-ba29-419ed3f772ca","executionId":"7","success":true,"isManual":true,"workflowId":"wrzLe4VLnbEb29k6","workflowName":"sds_workflow"}}
{"__type":"$$EventMessageConfirm","confirm":"e0c68b4f-6bd2-4a26-b086-aae9d5ab314d","ts":"2025-12-19T08:00:22.547-05:00","source":{"id":"0","name":"eventBus"}}
